[25-Jul-2019 23:51:46 UTC] PHP Fatal error:  Uncaught Zend\Http\Exception\InvalidArgumentException: A field name was provided without a field value in /home/gradtest/public_html/vendor/zendframework/zend-http/src/Headers.php:190
Stack trace:
#0 /home/gradtest/public_html/vendor/zendframework/zend-http/src/Headers.php(153): Zend\Http\Headers->addHeaderLine('Mozilla/5.0 (Wi...')
#1 /home/gradtest/public_html/vendor/zendframework/zend-http/src/PhpEnvironment/Request.php(236): Zend\Http\Headers->addHeaders(Array)
#2 /home/gradtest/public_html/vendor/zendframework/zend-http/src/PhpEnvironment/Request.php(84): Zend\Http\PhpEnvironment\Request->setServer(Object(Zend\Stdlib\Parameters))
#3 /home/gradtest/public_html/vendor/magento/framework/HTTP/PhpEnvironment/Request.php(133): Zend\Http\PhpEnvironment\Request->__construct()
#4 /home/gradtest/public_html/vendor/magento/framework/App/Request/Http.php(115): Magento\Framework\HTTP\PhpEnvironment\Request->__construct(Object(Magento\Framework\Stdlib\Cookie\PhpCookieReader), Object(Magento\Framework\Stdlib\StringUtil in /home/gradtest/public_html/vendor/zendframework/zend-http/src/Headers.php on line 190
[25-Jul-2019 23:52:01 UTC] PHP Fatal error:  Uncaught Zend\Http\Exception\InvalidArgumentException: A field name was provided without a field value in /home/gradtest/public_html/vendor/zendframework/zend-http/src/Headers.php:190
Stack trace:
#0 /home/gradtest/public_html/vendor/zendframework/zend-http/src/Headers.php(153): Zend\Http\Headers->addHeaderLine('Mozilla/5.0 (Wi...')
#1 /home/gradtest/public_html/vendor/zendframework/zend-http/src/PhpEnvironment/Request.php(236): Zend\Http\Headers->addHeaders(Array)
#2 /home/gradtest/public_html/vendor/zendframework/zend-http/src/PhpEnvironment/Request.php(84): Zend\Http\PhpEnvironment\Request->setServer(Object(Zend\Stdlib\Parameters))
#3 /home/gradtest/public_html/vendor/magento/framework/HTTP/PhpEnvironment/Request.php(133): Zend\Http\PhpEnvironment\Request->__construct()
#4 /home/gradtest/public_html/vendor/magento/framework/App/Request/Http.php(115): Magento\Framework\HTTP\PhpEnvironment\Request->__construct(Object(Magento\Framework\Stdlib\Cookie\PhpCookieReader), Object(Magento\Framework\Stdlib\StringUtil in /home/gradtest/public_html/vendor/zendframework/zend-http/src/Headers.php on line 190
[25-Jul-2019 23:52:43 UTC] PHP Fatal error:  Uncaught Zend\Http\Exception\InvalidArgumentException: A field name was provided without a field value in /home/gradtest/public_html/vendor/zendframework/zend-http/src/Headers.php:190
Stack trace:
#0 /home/gradtest/public_html/vendor/zendframework/zend-http/src/Headers.php(153): Zend\Http\Headers->addHeaderLine('Mozilla/5.0 (Wi...')
#1 /home/gradtest/public_html/vendor/zendframework/zend-http/src/PhpEnvironment/Request.php(236): Zend\Http\Headers->addHeaders(Array)
#2 /home/gradtest/public_html/vendor/zendframework/zend-http/src/PhpEnvironment/Request.php(84): Zend\Http\PhpEnvironment\Request->setServer(Object(Zend\Stdlib\Parameters))
#3 /home/gradtest/public_html/vendor/magento/framework/HTTP/PhpEnvironment/Request.php(133): Zend\Http\PhpEnvironment\Request->__construct()
#4 /home/gradtest/public_html/vendor/magento/framework/App/Request/Http.php(115): Magento\Framework\HTTP\PhpEnvironment\Request->__construct(Object(Magento\Framework\Stdlib\Cookie\PhpCookieReader), Object(Magento\Framework\Stdlib\StringUtil in /home/gradtest/public_html/vendor/zendframework/zend-http/src/Headers.php on line 190
[25-Jul-2019 23:53:08 UTC] PHP Fatal error:  Uncaught Zend\Http\Exception\InvalidArgumentException: A field name was provided without a field value in /home/gradtest/public_html/vendor/zendframework/zend-http/src/Headers.php:190
Stack trace:
#0 /home/gradtest/public_html/vendor/zendframework/zend-http/src/Headers.php(153): Zend\Http\Headers->addHeaderLine('Mozilla/5.0 (Wi...')
#1 /home/gradtest/public_html/vendor/zendframework/zend-http/src/PhpEnvironment/Request.php(236): Zend\Http\Headers->addHeaders(Array)
#2 /home/gradtest/public_html/vendor/zendframework/zend-http/src/PhpEnvironment/Request.php(84): Zend\Http\PhpEnvironment\Request->setServer(Object(Zend\Stdlib\Parameters))
#3 /home/gradtest/public_html/vendor/magento/framework/HTTP/PhpEnvironment/Request.php(133): Zend\Http\PhpEnvironment\Request->__construct()
#4 /home/gradtest/public_html/vendor/magento/framework/App/Request/Http.php(115): Magento\Framework\HTTP\PhpEnvironment\Request->__construct(Object(Magento\Framework\Stdlib\Cookie\PhpCookieReader), Object(Magento\Framework\Stdlib\StringUtil in /home/gradtest/public_html/vendor/zendframework/zend-http/src/Headers.php on line 190
[25-Jul-2019 23:53:40 UTC] PHP Fatal error:  Uncaught Zend\Http\Exception\InvalidArgumentException: A field name was provided without a field value in /home/gradtest/public_html/vendor/zendframework/zend-http/src/Headers.php:190
Stack trace:
#0 /home/gradtest/public_html/vendor/zendframework/zend-http/src/Headers.php(153): Zend\Http\Headers->addHeaderLine('Mozilla/5.0 (Wi...')
#1 /home/gradtest/public_html/vendor/zendframework/zend-http/src/PhpEnvironment/Request.php(236): Zend\Http\Headers->addHeaders(Array)
#2 /home/gradtest/public_html/vendor/zendframework/zend-http/src/PhpEnvironment/Request.php(84): Zend\Http\PhpEnvironment\Request->setServer(Object(Zend\Stdlib\Parameters))
#3 /home/gradtest/public_html/vendor/magento/framework/HTTP/PhpEnvironment/Request.php(133): Zend\Http\PhpEnvironment\Request->__construct()
#4 /home/gradtest/public_html/vendor/magento/framework/App/Request/Http.php(115): Magento\Framework\HTTP\PhpEnvironment\Request->__construct(Object(Magento\Framework\Stdlib\Cookie\PhpCookieReader), Object(Magento\Framework\Stdlib\StringUtil in /home/gradtest/public_html/vendor/zendframework/zend-http/src/Headers.php on line 190
[25-Jul-2019 23:53:48 UTC] PHP Fatal error:  Uncaught Zend\Http\Exception\InvalidArgumentException: A field name was provided without a field value in /home/gradtest/public_html/vendor/zendframework/zend-http/src/Headers.php:190
Stack trace:
#0 /home/gradtest/public_html/vendor/zendframework/zend-http/src/Headers.php(153): Zend\Http\Headers->addHeaderLine('Mozilla/5.0 (Wi...')
#1 /home/gradtest/public_html/vendor/zendframework/zend-http/src/PhpEnvironment/Request.php(236): Zend\Http\Headers->addHeaders(Array)
#2 /home/gradtest/public_html/vendor/zendframework/zend-http/src/PhpEnvironment/Request.php(84): Zend\Http\PhpEnvironment\Request->setServer(Object(Zend\Stdlib\Parameters))
#3 /home/gradtest/public_html/vendor/magento/framework/HTTP/PhpEnvironment/Request.php(133): Zend\Http\PhpEnvironment\Request->__construct()
#4 /home/gradtest/public_html/vendor/magento/framework/App/Request/Http.php(115): Magento\Framework\HTTP\PhpEnvironment\Request->__construct(Object(Magento\Framework\Stdlib\Cookie\PhpCookieReader), Object(Magento\Framework\Stdlib\StringUtil in /home/gradtest/public_html/vendor/zendframework/zend-http/src/Headers.php on line 190
[25-Jul-2019 23:54:05 UTC] PHP Fatal error:  Uncaught Zend\Http\Exception\InvalidArgumentException: A field name was provided without a field value in /home/gradtest/public_html/vendor/zendframework/zend-http/src/Headers.php:190
Stack trace:
#0 /home/gradtest/public_html/vendor/zendframework/zend-http/src/Headers.php(153): Zend\Http\Headers->addHeaderLine('Mozilla/5.0 (Wi...')
#1 /home/gradtest/public_html/vendor/zendframework/zend-http/src/PhpEnvironment/Request.php(236): Zend\Http\Headers->addHeaders(Array)
#2 /home/gradtest/public_html/vendor/zendframework/zend-http/src/PhpEnvironment/Request.php(84): Zend\Http\PhpEnvironment\Request->setServer(Object(Zend\Stdlib\Parameters))
#3 /home/gradtest/public_html/vendor/magento/framework/HTTP/PhpEnvironment/Request.php(133): Zend\Http\PhpEnvironment\Request->__construct()
#4 /home/gradtest/public_html/vendor/magento/framework/App/Request/Http.php(115): Magento\Framework\HTTP\PhpEnvironment\Request->__construct(Object(Magento\Framework\Stdlib\Cookie\PhpCookieReader), Object(Magento\Framework\Stdlib\StringUtil in /home/gradtest/public_html/vendor/zendframework/zend-http/src/Headers.php on line 190
[25-Jul-2019 23:54:21 UTC] PHP Fatal error:  Uncaught Zend\Http\Exception\InvalidArgumentException: A field name was provided without a field value in /home/gradtest/public_html/vendor/zendframework/zend-http/src/Headers.php:190
Stack trace:
#0 /home/gradtest/public_html/vendor/zendframework/zend-http/src/Headers.php(153): Zend\Http\Headers->addHeaderLine('Mozilla/5.0 (Wi...')
#1 /home/gradtest/public_html/vendor/zendframework/zend-http/src/PhpEnvironment/Request.php(236): Zend\Http\Headers->addHeaders(Array)
#2 /home/gradtest/public_html/vendor/zendframework/zend-http/src/PhpEnvironment/Request.php(84): Zend\Http\PhpEnvironment\Request->setServer(Object(Zend\Stdlib\Parameters))
#3 /home/gradtest/public_html/vendor/magento/framework/HTTP/PhpEnvironment/Request.php(133): Zend\Http\PhpEnvironment\Request->__construct()
#4 /home/gradtest/public_html/vendor/magento/framework/App/Request/Http.php(115): Magento\Framework\HTTP\PhpEnvironment\Request->__construct(Object(Magento\Framework\Stdlib\Cookie\PhpCookieReader), Object(Magento\Framework\Stdlib\StringUtil in /home/gradtest/public_html/vendor/zendframework/zend-http/src/Headers.php on line 190
[25-Jul-2019 23:55:15 UTC] PHP Fatal error:  Uncaught Zend\Http\Exception\InvalidArgumentException: A field name was provided without a field value in /home/gradtest/public_html/vendor/zendframework/zend-http/src/Headers.php:190
Stack trace:
#0 /home/gradtest/public_html/vendor/zendframework/zend-http/src/Headers.php(153): Zend\Http\Headers->addHeaderLine('Mozilla/5.0 (Wi...')
#1 /home/gradtest/public_html/vendor/zendframework/zend-http/src/PhpEnvironment/Request.php(236): Zend\Http\Headers->addHeaders(Array)
#2 /home/gradtest/public_html/vendor/zendframework/zend-http/src/PhpEnvironment/Request.php(84): Zend\Http\PhpEnvironment\Request->setServer(Object(Zend\Stdlib\Parameters))
#3 /home/gradtest/public_html/vendor/magento/framework/HTTP/PhpEnvironment/Request.php(133): Zend\Http\PhpEnvironment\Request->__construct()
#4 /home/gradtest/public_html/vendor/magento/framework/App/Request/Http.php(115): Magento\Framework\HTTP\PhpEnvironment\Request->__construct(Object(Magento\Framework\Stdlib\Cookie\PhpCookieReader), Object(Magento\Framework\Stdlib\StringUtil in /home/gradtest/public_html/vendor/zendframework/zend-http/src/Headers.php on line 190
[25-Jul-2019 23:55:38 UTC] PHP Fatal error:  Uncaught Zend\Http\Exception\InvalidArgumentException: A field name was provided without a field value in /home/gradtest/public_html/vendor/zendframework/zend-http/src/Headers.php:190
Stack trace:
#0 /home/gradtest/public_html/vendor/zendframework/zend-http/src/Headers.php(153): Zend\Http\Headers->addHeaderLine('Mozilla/5.0 (Wi...')
#1 /home/gradtest/public_html/vendor/zendframework/zend-http/src/PhpEnvironment/Request.php(236): Zend\Http\Headers->addHeaders(Array)
#2 /home/gradtest/public_html/vendor/zendframework/zend-http/src/PhpEnvironment/Request.php(84): Zend\Http\PhpEnvironment\Request->setServer(Object(Zend\Stdlib\Parameters))
#3 /home/gradtest/public_html/vendor/magento/framework/HTTP/PhpEnvironment/Request.php(133): Zend\Http\PhpEnvironment\Request->__construct()
#4 /home/gradtest/public_html/vendor/magento/framework/App/Request/Http.php(115): Magento\Framework\HTTP\PhpEnvironment\Request->__construct(Object(Magento\Framework\Stdlib\Cookie\PhpCookieReader), Object(Magento\Framework\Stdlib\StringUtil in /home/gradtest/public_html/vendor/zendframework/zend-http/src/Headers.php on line 190
[25-Jul-2019 23:55:52 UTC] PHP Fatal error:  Uncaught Zend\Http\Exception\InvalidArgumentException: A field name was provided without a field value in /home/gradtest/public_html/vendor/zendframework/zend-http/src/Headers.php:190
Stack trace:
#0 /home/gradtest/public_html/vendor/zendframework/zend-http/src/Headers.php(153): Zend\Http\Headers->addHeaderLine('Mozilla/5.0 (Wi...')
#1 /home/gradtest/public_html/vendor/zendframework/zend-http/src/PhpEnvironment/Request.php(236): Zend\Http\Headers->addHeaders(Array)
#2 /home/gradtest/public_html/vendor/zendframework/zend-http/src/PhpEnvironment/Request.php(84): Zend\Http\PhpEnvironment\Request->setServer(Object(Zend\Stdlib\Parameters))
#3 /home/gradtest/public_html/vendor/magento/framework/HTTP/PhpEnvironment/Request.php(133): Zend\Http\PhpEnvironment\Request->__construct()
#4 /home/gradtest/public_html/vendor/magento/framework/App/Request/Http.php(115): Magento\Framework\HTTP\PhpEnvironment\Request->__construct(Object(Magento\Framework\Stdlib\Cookie\PhpCookieReader), Object(Magento\Framework\Stdlib\StringUtil in /home/gradtest/public_html/vendor/zendframework/zend-http/src/Headers.php on line 190
[25-Jul-2019 23:56:28 UTC] PHP Fatal error:  Uncaught Zend\Http\Exception\InvalidArgumentException: A field name was provided without a field value in /home/gradtest/public_html/vendor/zendframework/zend-http/src/Headers.php:190
Stack trace:
#0 /home/gradtest/public_html/vendor/zendframework/zend-http/src/Headers.php(153): Zend\Http\Headers->addHeaderLine('Mozilla/5.0 (Wi...')
#1 /home/gradtest/public_html/vendor/zendframework/zend-http/src/PhpEnvironment/Request.php(236): Zend\Http\Headers->addHeaders(Array)
#2 /home/gradtest/public_html/vendor/zendframework/zend-http/src/PhpEnvironment/Request.php(84): Zend\Http\PhpEnvironment\Request->setServer(Object(Zend\Stdlib\Parameters))
#3 /home/gradtest/public_html/vendor/magento/framework/HTTP/PhpEnvironment/Request.php(133): Zend\Http\PhpEnvironment\Request->__construct()
#4 /home/gradtest/public_html/vendor/magento/framework/App/Request/Http.php(115): Magento\Framework\HTTP\PhpEnvironment\Request->__construct(Object(Magento\Framework\Stdlib\Cookie\PhpCookieReader), Object(Magento\Framework\Stdlib\StringUtil in /home/gradtest/public_html/vendor/zendframework/zend-http/src/Headers.php on line 190
[25-Jul-2019 23:56:53 UTC] PHP Fatal error:  Uncaught Zend\Http\Exception\InvalidArgumentException: A field name was provided without a field value in /home/gradtest/public_html/vendor/zendframework/zend-http/src/Headers.php:190
Stack trace:
#0 /home/gradtest/public_html/vendor/zendframework/zend-http/src/Headers.php(153): Zend\Http\Headers->addHeaderLine('Mozilla/5.0 (Wi...')
#1 /home/gradtest/public_html/vendor/zendframework/zend-http/src/PhpEnvironment/Request.php(236): Zend\Http\Headers->addHeaders(Array)
#2 /home/gradtest/public_html/vendor/zendframework/zend-http/src/PhpEnvironment/Request.php(84): Zend\Http\PhpEnvironment\Request->setServer(Object(Zend\Stdlib\Parameters))
#3 /home/gradtest/public_html/vendor/magento/framework/HTTP/PhpEnvironment/Request.php(133): Zend\Http\PhpEnvironment\Request->__construct()
#4 /home/gradtest/public_html/vendor/magento/framework/App/Request/Http.php(115): Magento\Framework\HTTP\PhpEnvironment\Request->__construct(Object(Magento\Framework\Stdlib\Cookie\PhpCookieReader), Object(Magento\Framework\Stdlib\StringUtil in /home/gradtest/public_html/vendor/zendframework/zend-http/src/Headers.php on line 190
[25-Jul-2019 23:57:09 UTC] PHP Fatal error:  Uncaught Zend\Http\Exception\InvalidArgumentException: A field name was provided without a field value in /home/gradtest/public_html/vendor/zendframework/zend-http/src/Headers.php:190
Stack trace:
#0 /home/gradtest/public_html/vendor/zendframework/zend-http/src/Headers.php(153): Zend\Http\Headers->addHeaderLine('Mozilla/5.0 (Wi...')
#1 /home/gradtest/public_html/vendor/zendframework/zend-http/src/PhpEnvironment/Request.php(236): Zend\Http\Headers->addHeaders(Array)
#2 /home/gradtest/public_html/vendor/zendframework/zend-http/src/PhpEnvironment/Request.php(84): Zend\Http\PhpEnvironment\Request->setServer(Object(Zend\Stdlib\Parameters))
#3 /home/gradtest/public_html/vendor/magento/framework/HTTP/PhpEnvironment/Request.php(133): Zend\Http\PhpEnvironment\Request->__construct()
#4 /home/gradtest/public_html/vendor/magento/framework/App/Request/Http.php(115): Magento\Framework\HTTP\PhpEnvironment\Request->__construct(Object(Magento\Framework\Stdlib\Cookie\PhpCookieReader), Object(Magento\Framework\Stdlib\StringUtil in /home/gradtest/public_html/vendor/zendframework/zend-http/src/Headers.php on line 190
[25-Jul-2019 23:57:25 UTC] PHP Fatal error:  Uncaught Zend\Http\Exception\InvalidArgumentException: A field name was provided without a field value in /home/gradtest/public_html/vendor/zendframework/zend-http/src/Headers.php:190
Stack trace:
#0 /home/gradtest/public_html/vendor/zendframework/zend-http/src/Headers.php(153): Zend\Http\Headers->addHeaderLine('Mozilla/5.0 (Wi...')
#1 /home/gradtest/public_html/vendor/zendframework/zend-http/src/PhpEnvironment/Request.php(236): Zend\Http\Headers->addHeaders(Array)
#2 /home/gradtest/public_html/vendor/zendframework/zend-http/src/PhpEnvironment/Request.php(84): Zend\Http\PhpEnvironment\Request->setServer(Object(Zend\Stdlib\Parameters))
#3 /home/gradtest/public_html/vendor/magento/framework/HTTP/PhpEnvironment/Request.php(133): Zend\Http\PhpEnvironment\Request->__construct()
#4 /home/gradtest/public_html/vendor/magento/framework/App/Request/Http.php(115): Magento\Framework\HTTP\PhpEnvironment\Request->__construct(Object(Magento\Framework\Stdlib\Cookie\PhpCookieReader), Object(Magento\Framework\Stdlib\StringUtil in /home/gradtest/public_html/vendor/zendframework/zend-http/src/Headers.php on line 190
[25-Jul-2019 23:58:22 UTC] PHP Fatal error:  Uncaught Zend\Http\Exception\InvalidArgumentException: A field name was provided without a field value in /home/gradtest/public_html/vendor/zendframework/zend-http/src/Headers.php:190
Stack trace:
#0 /home/gradtest/public_html/vendor/zendframework/zend-http/src/Headers.php(153): Zend\Http\Headers->addHeaderLine('Mozilla/5.0 (Wi...')
#1 /home/gradtest/public_html/vendor/zendframework/zend-http/src/PhpEnvironment/Request.php(236): Zend\Http\Headers->addHeaders(Array)
#2 /home/gradtest/public_html/vendor/zendframework/zend-http/src/PhpEnvironment/Request.php(84): Zend\Http\PhpEnvironment\Request->setServer(Object(Zend\Stdlib\Parameters))
#3 /home/gradtest/public_html/vendor/magento/framework/HTTP/PhpEnvironment/Request.php(133): Zend\Http\PhpEnvironment\Request->__construct()
#4 /home/gradtest/public_html/vendor/magento/framework/App/Request/Http.php(115): Magento\Framework\HTTP\PhpEnvironment\Request->__construct(Object(Magento\Framework\Stdlib\Cookie\PhpCookieReader), Object(Magento\Framework\Stdlib\StringUtil in /home/gradtest/public_html/vendor/zendframework/zend-http/src/Headers.php on line 190
[25-Jul-2019 23:59:04 UTC] PHP Fatal error:  Uncaught Zend\Http\Exception\InvalidArgumentException: A field name was provided without a field value in /home/gradtest/public_html/vendor/zendframework/zend-http/src/Headers.php:190
Stack trace:
#0 /home/gradtest/public_html/vendor/zendframework/zend-http/src/Headers.php(153): Zend\Http\Headers->addHeaderLine('Mozilla/5.0 (Wi...')
#1 /home/gradtest/public_html/vendor/zendframework/zend-http/src/PhpEnvironment/Request.php(236): Zend\Http\Headers->addHeaders(Array)
#2 /home/gradtest/public_html/vendor/zendframework/zend-http/src/PhpEnvironment/Request.php(84): Zend\Http\PhpEnvironment\Request->setServer(Object(Zend\Stdlib\Parameters))
#3 /home/gradtest/public_html/vendor/magento/framework/HTTP/PhpEnvironment/Request.php(133): Zend\Http\PhpEnvironment\Request->__construct()
#4 /home/gradtest/public_html/vendor/magento/framework/App/Request/Http.php(115): Magento\Framework\HTTP\PhpEnvironment\Request->__construct(Object(Magento\Framework\Stdlib\Cookie\PhpCookieReader), Object(Magento\Framework\Stdlib\StringUtil in /home/gradtest/public_html/vendor/zendframework/zend-http/src/Headers.php on line 190
[25-Jul-2019 23:59:20 UTC] PHP Fatal error:  Uncaught Zend\Http\Exception\InvalidArgumentException: A field name was provided without a field value in /home/gradtest/public_html/vendor/zendframework/zend-http/src/Headers.php:190
Stack trace:
#0 /home/gradtest/public_html/vendor/zendframework/zend-http/src/Headers.php(153): Zend\Http\Headers->addHeaderLine('Mozilla/5.0 (Wi...')
#1 /home/gradtest/public_html/vendor/zendframework/zend-http/src/PhpEnvironment/Request.php(236): Zend\Http\Headers->addHeaders(Array)
#2 /home/gradtest/public_html/vendor/zendframework/zend-http/src/PhpEnvironment/Request.php(84): Zend\Http\PhpEnvironment\Request->setServer(Object(Zend\Stdlib\Parameters))
#3 /home/gradtest/public_html/vendor/magento/framework/HTTP/PhpEnvironment/Request.php(133): Zend\Http\PhpEnvironment\Request->__construct()
#4 /home/gradtest/public_html/vendor/magento/framework/App/Request/Http.php(115): Magento\Framework\HTTP\PhpEnvironment\Request->__construct(Object(Magento\Framework\Stdlib\Cookie\PhpCookieReader), Object(Magento\Framework\Stdlib\StringUtil in /home/gradtest/public_html/vendor/zendframework/zend-http/src/Headers.php on line 190
[25-Jul-2019 23:59:32 UTC] PHP Fatal error:  Uncaught Zend\Http\Exception\InvalidArgumentException: A field name was provided without a field value in /home/gradtest/public_html/vendor/zendframework/zend-http/src/Headers.php:190
Stack trace:
#0 /home/gradtest/public_html/vendor/zendframework/zend-http/src/Headers.php(153): Zend\Http\Headers->addHeaderLine('Mozilla/5.0 (Wi...')
#1 /home/gradtest/public_html/vendor/zendframework/zend-http/src/PhpEnvironment/Request.php(236): Zend\Http\Headers->addHeaders(Array)
#2 /home/gradtest/public_html/vendor/zendframework/zend-http/src/PhpEnvironment/Request.php(84): Zend\Http\PhpEnvironment\Request->setServer(Object(Zend\Stdlib\Parameters))
#3 /home/gradtest/public_html/vendor/magento/framework/HTTP/PhpEnvironment/Request.php(133): Zend\Http\PhpEnvironment\Request->__construct()
#4 /home/gradtest/public_html/vendor/magento/framework/App/Request/Http.php(115): Magento\Framework\HTTP\PhpEnvironment\Request->__construct(Object(Magento\Framework\Stdlib\Cookie\PhpCookieReader), Object(Magento\Framework\Stdlib\StringUtil in /home/gradtest/public_html/vendor/zendframework/zend-http/src/Headers.php on line 190
[25-Jul-2019 23:59:48 UTC] PHP Fatal error:  Uncaught Zend\Http\Exception\InvalidArgumentException: A field name was provided without a field value in /home/gradtest/public_html/vendor/zendframework/zend-http/src/Headers.php:190
Stack trace:
#0 /home/gradtest/public_html/vendor/zendframework/zend-http/src/Headers.php(153): Zend\Http\Headers->addHeaderLine('Mozilla/5.0 (Wi...')
#1 /home/gradtest/public_html/vendor/zendframework/zend-http/src/PhpEnvironment/Request.php(236): Zend\Http\Headers->addHeaders(Array)
#2 /home/gradtest/public_html/vendor/zendframework/zend-http/src/PhpEnvironment/Request.php(84): Zend\Http\PhpEnvironment\Request->setServer(Object(Zend\Stdlib\Parameters))
#3 /home/gradtest/public_html/vendor/magento/framework/HTTP/PhpEnvironment/Request.php(133): Zend\Http\PhpEnvironment\Request->__construct()
#4 /home/gradtest/public_html/vendor/magento/framework/App/Request/Http.php(115): Magento\Framework\HTTP\PhpEnvironment\Request->__construct(Object(Magento\Framework\Stdlib\Cookie\PhpCookieReader), Object(Magento\Framework\Stdlib\StringUtil in /home/gradtest/public_html/vendor/zendframework/zend-http/src/Headers.php on line 190
[26-Jul-2019 00:00:44 UTC] PHP Fatal error:  Uncaught Zend\Http\Exception\InvalidArgumentException: A field name was provided without a field value in /home/gradtest/public_html/vendor/zendframework/zend-http/src/Headers.php:190
Stack trace:
#0 /home/gradtest/public_html/vendor/zendframework/zend-http/src/Headers.php(153): Zend\Http\Headers->addHeaderLine('Mozilla/5.0 (Wi...')
#1 /home/gradtest/public_html/vendor/zendframework/zend-http/src/PhpEnvironment/Request.php(236): Zend\Http\Headers->addHeaders(Array)
#2 /home/gradtest/public_html/vendor/zendframework/zend-http/src/PhpEnvironment/Request.php(84): Zend\Http\PhpEnvironment\Request->setServer(Object(Zend\Stdlib\Parameters))
#3 /home/gradtest/public_html/vendor/magento/framework/HTTP/PhpEnvironment/Request.php(133): Zend\Http\PhpEnvironment\Request->__construct()
#4 /home/gradtest/public_html/vendor/magento/framework/App/Request/Http.php(115): Magento\Framework\HTTP\PhpEnvironment\Request->__construct(Object(Magento\Framework\Stdlib\Cookie\PhpCookieReader), Object(Magento\Framework\Stdlib\StringUtil in /home/gradtest/public_html/vendor/zendframework/zend-http/src/Headers.php on line 190
[26-Jul-2019 00:01:00 UTC] PHP Fatal error:  Uncaught Zend\Http\Exception\InvalidArgumentException: A field name was provided without a field value in /home/gradtest/public_html/vendor/zendframework/zend-http/src/Headers.php:190
Stack trace:
#0 /home/gradtest/public_html/vendor/zendframework/zend-http/src/Headers.php(153): Zend\Http\Headers->addHeaderLine('Mozilla/5.0 (Wi...')
#1 /home/gradtest/public_html/vendor/zendframework/zend-http/src/PhpEnvironment/Request.php(236): Zend\Http\Headers->addHeaders(Array)
#2 /home/gradtest/public_html/vendor/zendframework/zend-http/src/PhpEnvironment/Request.php(84): Zend\Http\PhpEnvironment\Request->setServer(Object(Zend\Stdlib\Parameters))
#3 /home/gradtest/public_html/vendor/magento/framework/HTTP/PhpEnvironment/Request.php(133): Zend\Http\PhpEnvironment\Request->__construct()
#4 /home/gradtest/public_html/vendor/magento/framework/App/Request/Http.php(115): Magento\Framework\HTTP\PhpEnvironment\Request->__construct(Object(Magento\Framework\Stdlib\Cookie\PhpCookieReader), Object(Magento\Framework\Stdlib\StringUtil in /home/gradtest/public_html/vendor/zendframework/zend-http/src/Headers.php on line 190
[26-Jul-2019 00:01:41 UTC] PHP Fatal error:  Uncaught Zend\Http\Exception\InvalidArgumentException: A field name was provided without a field value in /home/gradtest/public_html/vendor/zendframework/zend-http/src/Headers.php:190
Stack trace:
#0 /home/gradtest/public_html/vendor/zendframework/zend-http/src/Headers.php(153): Zend\Http\Headers->addHeaderLine('Mozilla/5.0 (Wi...')
#1 /home/gradtest/public_html/vendor/zendframework/zend-http/src/PhpEnvironment/Request.php(236): Zend\Http\Headers->addHeaders(Array)
#2 /home/gradtest/public_html/vendor/zendframework/zend-http/src/PhpEnvironment/Request.php(84): Zend\Http\PhpEnvironment\Request->setServer(Object(Zend\Stdlib\Parameters))
#3 /home/gradtest/public_html/vendor/magento/framework/HTTP/PhpEnvironment/Request.php(133): Zend\Http\PhpEnvironment\Request->__construct()
#4 /home/gradtest/public_html/vendor/magento/framework/App/Request/Http.php(115): Magento\Framework\HTTP\PhpEnvironment\Request->__construct(Object(Magento\Framework\Stdlib\Cookie\PhpCookieReader), Object(Magento\Framework\Stdlib\StringUtil in /home/gradtest/public_html/vendor/zendframework/zend-http/src/Headers.php on line 190
[26-Jul-2019 00:02:07 UTC] PHP Fatal error:  Uncaught Zend\Http\Exception\InvalidArgumentException: A field name was provided without a field value in /home/gradtest/public_html/vendor/zendframework/zend-http/src/Headers.php:190
Stack trace:
#0 /home/gradtest/public_html/vendor/zendframework/zend-http/src/Headers.php(153): Zend\Http\Headers->addHeaderLine('Mozilla/5.0 (Wi...')
#1 /home/gradtest/public_html/vendor/zendframework/zend-http/src/PhpEnvironment/Request.php(236): Zend\Http\Headers->addHeaders(Array)
#2 /home/gradtest/public_html/vendor/zendframework/zend-http/src/PhpEnvironment/Request.php(84): Zend\Http\PhpEnvironment\Request->setServer(Object(Zend\Stdlib\Parameters))
#3 /home/gradtest/public_html/vendor/magento/framework/HTTP/PhpEnvironment/Request.php(133): Zend\Http\PhpEnvironment\Request->__construct()
#4 /home/gradtest/public_html/vendor/magento/framework/App/Request/Http.php(115): Magento\Framework\HTTP\PhpEnvironment\Request->__construct(Object(Magento\Framework\Stdlib\Cookie\PhpCookieReader), Object(Magento\Framework\Stdlib\StringUtil in /home/gradtest/public_html/vendor/zendframework/zend-http/src/Headers.php on line 190
[26-Jul-2019 00:02:13 UTC] PHP Fatal error:  Uncaught Zend\Http\Exception\InvalidArgumentException: A field name was provided without a field value in /home/gradtest/public_html/vendor/zendframework/zend-http/src/Headers.php:190
Stack trace:
#0 /home/gradtest/public_html/vendor/zendframework/zend-http/src/Headers.php(153): Zend\Http\Headers->addHeaderLine('Mozilla/5.0 (Wi...')
#1 /home/gradtest/public_html/vendor/zendframework/zend-http/src/PhpEnvironment/Request.php(236): Zend\Http\Headers->addHeaders(Array)
#2 /home/gradtest/public_html/vendor/zendframework/zend-http/src/PhpEnvironment/Request.php(84): Zend\Http\PhpEnvironment\Request->setServer(Object(Zend\Stdlib\Parameters))
#3 /home/gradtest/public_html/vendor/magento/framework/HTTP/PhpEnvironment/Request.php(133): Zend\Http\PhpEnvironment\Request->__construct()
#4 /home/gradtest/public_html/vendor/magento/framework/App/Request/Http.php(115): Magento\Framework\HTTP\PhpEnvironment\Request->__construct(Object(Magento\Framework\Stdlib\Cookie\PhpCookieReader), Object(Magento\Framework\Stdlib\StringUtil in /home/gradtest/public_html/vendor/zendframework/zend-http/src/Headers.php on line 190
[26-Jul-2019 00:02:54 UTC] PHP Fatal error:  Uncaught Zend\Http\Exception\InvalidArgumentException: A field name was provided without a field value in /home/gradtest/public_html/vendor/zendframework/zend-http/src/Headers.php:190
Stack trace:
#0 /home/gradtest/public_html/vendor/zendframework/zend-http/src/Headers.php(153): Zend\Http\Headers->addHeaderLine('Mozilla/5.0 (Wi...')
#1 /home/gradtest/public_html/vendor/zendframework/zend-http/src/PhpEnvironment/Request.php(236): Zend\Http\Headers->addHeaders(Array)
#2 /home/gradtest/public_html/vendor/zendframework/zend-http/src/PhpEnvironment/Request.php(84): Zend\Http\PhpEnvironment\Request->setServer(Object(Zend\Stdlib\Parameters))
#3 /home/gradtest/public_html/vendor/magento/framework/HTTP/PhpEnvironment/Request.php(133): Zend\Http\PhpEnvironment\Request->__construct()
#4 /home/gradtest/public_html/vendor/magento/framework/App/Request/Http.php(115): Magento\Framework\HTTP\PhpEnvironment\Request->__construct(Object(Magento\Framework\Stdlib\Cookie\PhpCookieReader), Object(Magento\Framework\Stdlib\StringUtil in /home/gradtest/public_html/vendor/zendframework/zend-http/src/Headers.php on line 190
[26-Jul-2019 00:03:03 UTC] PHP Fatal error:  Uncaught Zend\Http\Exception\InvalidArgumentException: A field name was provided without a field value in /home/gradtest/public_html/vendor/zendframework/zend-http/src/Headers.php:190
Stack trace:
#0 /home/gradtest/public_html/vendor/zendframework/zend-http/src/Headers.php(153): Zend\Http\Headers->addHeaderLine('Mozilla/5.0 (Wi...')
#1 /home/gradtest/public_html/vendor/zendframework/zend-http/src/PhpEnvironment/Request.php(236): Zend\Http\Headers->addHeaders(Array)
#2 /home/gradtest/public_html/vendor/zendframework/zend-http/src/PhpEnvironment/Request.php(84): Zend\Http\PhpEnvironment\Request->setServer(Object(Zend\Stdlib\Parameters))
#3 /home/gradtest/public_html/vendor/magento/framework/HTTP/PhpEnvironment/Request.php(133): Zend\Http\PhpEnvironment\Request->__construct()
#4 /home/gradtest/public_html/vendor/magento/framework/App/Request/Http.php(115): Magento\Framework\HTTP\PhpEnvironment\Request->__construct(Object(Magento\Framework\Stdlib\Cookie\PhpCookieReader), Object(Magento\Framework\Stdlib\StringUtil in /home/gradtest/public_html/vendor/zendframework/zend-http/src/Headers.php on line 190
[26-Jul-2019 00:03:20 UTC] PHP Fatal error:  Uncaught Zend\Http\Exception\InvalidArgumentException: A field name was provided without a field value in /home/gradtest/public_html/vendor/zendframework/zend-http/src/Headers.php:190
Stack trace:
#0 /home/gradtest/public_html/vendor/zendframework/zend-http/src/Headers.php(153): Zend\Http\Headers->addHeaderLine('Mozilla/5.0 (Wi...')
#1 /home/gradtest/public_html/vendor/zendframework/zend-http/src/PhpEnvironment/Request.php(236): Zend\Http\Headers->addHeaders(Array)
#2 /home/gradtest/public_html/vendor/zendframework/zend-http/src/PhpEnvironment/Request.php(84): Zend\Http\PhpEnvironment\Request->setServer(Object(Zend\Stdlib\Parameters))
#3 /home/gradtest/public_html/vendor/magento/framework/HTTP/PhpEnvironment/Request.php(133): Zend\Http\PhpEnvironment\Request->__construct()
#4 /home/gradtest/public_html/vendor/magento/framework/App/Request/Http.php(115): Magento\Framework\HTTP\PhpEnvironment\Request->__construct(Object(Magento\Framework\Stdlib\Cookie\PhpCookieReader), Object(Magento\Framework\Stdlib\StringUtil in /home/gradtest/public_html/vendor/zendframework/zend-http/src/Headers.php on line 190
[26-Jul-2019 00:04:05 UTC] PHP Fatal error:  Uncaught Zend\Http\Exception\InvalidArgumentException: A field name was provided without a field value in /home/gradtest/public_html/vendor/zendframework/zend-http/src/Headers.php:190
Stack trace:
#0 /home/gradtest/public_html/vendor/zendframework/zend-http/src/Headers.php(153): Zend\Http\Headers->addHeaderLine('Mozilla/5.0 (Wi...')
#1 /home/gradtest/public_html/vendor/zendframework/zend-http/src/PhpEnvironment/Request.php(236): Zend\Http\Headers->addHeaders(Array)
#2 /home/gradtest/public_html/vendor/zendframework/zend-http/src/PhpEnvironment/Request.php(84): Zend\Http\PhpEnvironment\Request->setServer(Object(Zend\Stdlib\Parameters))
#3 /home/gradtest/public_html/vendor/magento/framework/HTTP/PhpEnvironment/Request.php(133): Zend\Http\PhpEnvironment\Request->__construct()
#4 /home/gradtest/public_html/vendor/magento/framework/App/Request/Http.php(115): Magento\Framework\HTTP\PhpEnvironment\Request->__construct(Object(Magento\Framework\Stdlib\Cookie\PhpCookieReader), Object(Magento\Framework\Stdlib\StringUtil in /home/gradtest/public_html/vendor/zendframework/zend-http/src/Headers.php on line 190
[29-Jun-2020 09:10:13 UTC] PHP Fatal error:  Uncaught Error: Cannot instantiate interface Magento\Store\Api\StoreRepositoryInterface in /home/gradtest/public_html/vendor/magento/framework/ObjectManager/Factory/Dynamic/Developer.php:50
Stack trace:
#0 /home/gradtest/public_html/vendor/magento/framework/ObjectManager/ObjectManager.php(70): Magento\Framework\ObjectManager\Factory\Dynamic\Developer->create('Magento\\Store\\A...')
#1 /home/gradtest/public_html/vendor/magento/framework/ObjectManager/Factory/AbstractFactory.php(144): Magento\Framework\ObjectManager\ObjectManager->get('Magento\\Store\\A...')
#2 /home/gradtest/public_html/vendor/magento/framework/ObjectManager/Factory/AbstractFactory.php(230): Magento\Framework\ObjectManager\Factory\AbstractFactory->resolveArgument(Array, 'Magento\\Store\\A...', NULL, 'storeRepository', 'Magento\\Store\\M...')
#3 /home/gradtest/public_html/vendor/magento/framework/ObjectManager/Factory/Dynamic/Developer.php(34): Magento\Framework\ObjectManager\Factory\AbstractFactory->resolveArgumentsInRuntime('Magento\\Store\\M in /home/gradtest/public_html/vendor/magento/framework/ObjectManager/Factory/Dynamic/Developer.php on line 50
[04-Jul-2020 13:28:45 UTC] PHP Fatal error:  Uncaught Exception: Warning: SessionHandler::write(): The session id is too long or contains illegal characters, valid characters are a-z, A-Z, 0-9 and '-,' in /home/gradtest/public_html/vendor/magento/framework/Session/SaveHandler.php on line 105 in /home/gradtest/public_html/vendor/magento/framework/App/ErrorHandler.php:61
Stack trace:
#0 [internal function]: Magento\Framework\App\ErrorHandler->handler(2, 'SessionHandler:...', '/home/gradtest/...', 105, Array)
#1 /home/gradtest/public_html/vendor/magento/framework/Session/SaveHandler.php(105): SessionHandler->write('aaroodor2cmm46l...', '')
#2 [internal function]: Magento\Framework\Session\SaveHandler->write('aaroodor2cmm46l...', '')
#3 {main}
  thrown in /home/gradtest/public_html/vendor/magento/framework/App/ErrorHandler.php on line 61
[04-Jul-2020 13:28:58 UTC] PHP Fatal error:  Uncaught Exception: Warning: SessionHandler::write(): The session id is too long or contains illegal characters, valid characters are a-z, A-Z, 0-9 and '-,' in /home/gradtest/public_html/vendor/magento/framework/Session/SaveHandler.php on line 105 in /home/gradtest/public_html/vendor/magento/framework/App/ErrorHandler.php:61
Stack trace:
#0 [internal function]: Magento\Framework\App\ErrorHandler->handler(2, 'SessionHandler:...', '/home/gradtest/...', 105, Array)
#1 /home/gradtest/public_html/vendor/magento/framework/Session/SaveHandler.php(105): SessionHandler->write('aaroodor2cmm46l...', '')
#2 [internal function]: Magento\Framework\Session\SaveHandler->write('aaroodor2cmm46l...', '')
#3 {main}
  thrown in /home/gradtest/public_html/vendor/magento/framework/App/ErrorHandler.php on line 61
[04-Jul-2020 13:32:42 UTC] PHP Fatal error:  Uncaught Exception: Warning: SessionHandler::write(): The session id is too long or contains illegal characters, valid characters are a-z, A-Z, 0-9 and '-,' in /home/gradtest/public_html/vendor/magento/framework/Session/SaveHandler.php on line 105 in /home/gradtest/public_html/vendor/magento/framework/App/ErrorHandler.php:61
Stack trace:
#0 [internal function]: Magento\Framework\App\ErrorHandler->handler(2, 'SessionHandler:...', '/home/gradtest/...', 105, Array)
#1 /home/gradtest/public_html/vendor/magento/framework/Session/SaveHandler.php(105): SessionHandler->write('aaroodor2cmm46l...', '')
#2 [internal function]: Magento\Framework\Session\SaveHandler->write('aaroodor2cmm46l...', '')
#3 {main}
  thrown in /home/gradtest/public_html/vendor/magento/framework/App/ErrorHandler.php on line 61
[04-Jul-2020 13:33:41 UTC] PHP Fatal error:  Uncaught Exception: Warning: SessionHandler::write(): The session id is too long or contains illegal characters, valid characters are a-z, A-Z, 0-9 and '-,' in /home/gradtest/public_html/vendor/magento/framework/Session/SaveHandler.php on line 105 in /home/gradtest/public_html/vendor/magento/framework/App/ErrorHandler.php:61
Stack trace:
#0 [internal function]: Magento\Framework\App\ErrorHandler->handler(2, 'SessionHandler:...', '/home/gradtest/...', 105, Array)
#1 /home/gradtest/public_html/vendor/magento/framework/Session/SaveHandler.php(105): SessionHandler->write('aaroodor2cmm46l...', '')
#2 [internal function]: Magento\Framework\Session\SaveHandler->write('aaroodor2cmm46l...', '')
#3 {main}
  thrown in /home/gradtest/public_html/vendor/magento/framework/App/ErrorHandler.php on line 61
[04-Jul-2020 13:34:53 UTC] PHP Fatal error:  Uncaught Exception: Warning: SessionHandler::write(): The session id is too long or contains illegal characters, valid characters are a-z, A-Z, 0-9 and '-,' in /home/gradtest/public_html/vendor/magento/framework/Session/SaveHandler.php on line 105 in /home/gradtest/public_html/vendor/magento/framework/App/ErrorHandler.php:61
Stack trace:
#0 [internal function]: Magento\Framework\App\ErrorHandler->handler(2, 'SessionHandler:...', '/home/gradtest/...', 105, Array)
#1 /home/gradtest/public_html/vendor/magento/framework/Session/SaveHandler.php(105): SessionHandler->write('aaroodor2cmm46l...', '')
#2 [internal function]: Magento\Framework\Session\SaveHandler->write('aaroodor2cmm46l...', '')
#3 {main}
  thrown in /home/gradtest/public_html/vendor/magento/framework/App/ErrorHandler.php on line 61
[04-Jul-2020 13:36:30 UTC] PHP Fatal error:  Uncaught Exception: Warning: SessionHandler::write(): The session id is too long or contains illegal characters, valid characters are a-z, A-Z, 0-9 and '-,' in /home/gradtest/public_html/vendor/magento/framework/Session/SaveHandler.php on line 105 in /home/gradtest/public_html/vendor/magento/framework/App/ErrorHandler.php:61
Stack trace:
#0 [internal function]: Magento\Framework\App\ErrorHandler->handler(2, 'SessionHandler:...', '/home/gradtest/...', 105, Array)
#1 /home/gradtest/public_html/vendor/magento/framework/Session/SaveHandler.php(105): SessionHandler->write('aaroodor2cmm46l...', '')
#2 [internal function]: Magento\Framework\Session\SaveHandler->write('aaroodor2cmm46l...', '')
#3 {main}
  thrown in /home/gradtest/public_html/vendor/magento/framework/App/ErrorHandler.php on line 61
[04-Jul-2020 13:39:06 UTC] PHP Fatal error:  Uncaught Exception: Warning: SessionHandler::write(): The session id is too long or contains illegal characters, valid characters are a-z, A-Z, 0-9 and '-,' in /home/gradtest/public_html/vendor/magento/framework/Session/SaveHandler.php on line 105 in /home/gradtest/public_html/vendor/magento/framework/App/ErrorHandler.php:61
Stack trace:
#0 [internal function]: Magento\Framework\App\ErrorHandler->handler(2, 'SessionHandler:...', '/home/gradtest/...', 105, Array)
#1 /home/gradtest/public_html/vendor/magento/framework/Session/SaveHandler.php(105): SessionHandler->write('aaroodor2cmm46l...', '')
#2 [internal function]: Magento\Framework\Session\SaveHandler->write('aaroodor2cmm46l...', '')
#3 {main}
  thrown in /home/gradtest/public_html/vendor/magento/framework/App/ErrorHandler.php on line 61
[04-Jul-2020 13:39:55 UTC] PHP Fatal error:  Uncaught Exception: Warning: SessionHandler::write(): The session id is too long or contains illegal characters, valid characters are a-z, A-Z, 0-9 and '-,' in /home/gradtest/public_html/vendor/magento/framework/Session/SaveHandler.php on line 105 in /home/gradtest/public_html/vendor/magento/framework/App/ErrorHandler.php:61
Stack trace:
#0 [internal function]: Magento\Framework\App\ErrorHandler->handler(2, 'SessionHandler:...', '/home/gradtest/...', 105, Array)
#1 /home/gradtest/public_html/vendor/magento/framework/Session/SaveHandler.php(105): SessionHandler->write('aaroodor2cmm46l...', '')
#2 [internal function]: Magento\Framework\Session\SaveHandler->write('aaroodor2cmm46l...', '')
#3 {main}
  thrown in /home/gradtest/public_html/vendor/magento/framework/App/ErrorHandler.php on line 61
[04-Jul-2020 13:44:03 UTC] PHP Fatal error:  Uncaught Exception: Warning: SessionHandler::write(): The session id is too long or contains illegal characters, valid characters are a-z, A-Z, 0-9 and '-,' in /home/gradtest/public_html/vendor/magento/framework/Session/SaveHandler.php on line 105 in /home/gradtest/public_html/vendor/magento/framework/App/ErrorHandler.php:61
Stack trace:
#0 [internal function]: Magento\Framework\App\ErrorHandler->handler(2, 'SessionHandler:...', '/home/gradtest/...', 105, Array)
#1 /home/gradtest/public_html/vendor/magento/framework/Session/SaveHandler.php(105): SessionHandler->write('aaroodor2cmm46l...', '')
#2 [internal function]: Magento\Framework\Session\SaveHandler->write('aaroodor2cmm46l...', '')
#3 {main}
  thrown in /home/gradtest/public_html/vendor/magento/framework/App/ErrorHandler.php on line 61
[04-Jul-2020 13:45:58 UTC] PHP Fatal error:  Uncaught Exception: Warning: SessionHandler::write(): The session id is too long or contains illegal characters, valid characters are a-z, A-Z, 0-9 and '-,' in /home/gradtest/public_html/vendor/magento/framework/Session/SaveHandler.php on line 105 in /home/gradtest/public_html/vendor/magento/framework/App/ErrorHandler.php:61
Stack trace:
#0 [internal function]: Magento\Framework\App\ErrorHandler->handler(2, 'SessionHandler:...', '/home/gradtest/...', 105, Array)
#1 /home/gradtest/public_html/vendor/magento/framework/Session/SaveHandler.php(105): SessionHandler->write('aaroodor2cmm46l...', '')
#2 [internal function]: Magento\Framework\Session\SaveHandler->write('aaroodor2cmm46l...', '')
#3 {main}
  thrown in /home/gradtest/public_html/vendor/magento/framework/App/ErrorHandler.php on line 61
[04-Jul-2020 13:47:22 UTC] PHP Fatal error:  Uncaught Exception: Warning: SessionHandler::write(): The session id is too long or contains illegal characters, valid characters are a-z, A-Z, 0-9 and '-,' in /home/gradtest/public_html/vendor/magento/framework/Session/SaveHandler.php on line 105 in /home/gradtest/public_html/vendor/magento/framework/App/ErrorHandler.php:61
Stack trace:
#0 [internal function]: Magento\Framework\App\ErrorHandler->handler(2, 'SessionHandler:...', '/home/gradtest/...', 105, Array)
#1 /home/gradtest/public_html/vendor/magento/framework/Session/SaveHandler.php(105): SessionHandler->write('aaroodor2cmm46l...', '')
#2 [internal function]: Magento\Framework\Session\SaveHandler->write('aaroodor2cmm46l...', '')
#3 {main}
  thrown in /home/gradtest/public_html/vendor/magento/framework/App/ErrorHandler.php on line 61
[04-Jul-2020 13:48:24 UTC] PHP Fatal error:  Uncaught Exception: Warning: SessionHandler::write(): The session id is too long or contains illegal characters, valid characters are a-z, A-Z, 0-9 and '-,' in /home/gradtest/public_html/vendor/magento/framework/Session/SaveHandler.php on line 105 in /home/gradtest/public_html/vendor/magento/framework/App/ErrorHandler.php:61
Stack trace:
#0 [internal function]: Magento\Framework\App\ErrorHandler->handler(2, 'SessionHandler:...', '/home/gradtest/...', 105, Array)
#1 /home/gradtest/public_html/vendor/magento/framework/Session/SaveHandler.php(105): SessionHandler->write('aaroodor2cmm46l...', '')
#2 [internal function]: Magento\Framework\Session\SaveHandler->write('aaroodor2cmm46l...', '')
#3 {main}
  thrown in /home/gradtest/public_html/vendor/magento/framework/App/ErrorHandler.php on line 61
[04-Jul-2020 13:50:18 UTC] PHP Fatal error:  Uncaught Exception: Warning: SessionHandler::write(): The session id is too long or contains illegal characters, valid characters are a-z, A-Z, 0-9 and '-,' in /home/gradtest/public_html/vendor/magento/framework/Session/SaveHandler.php on line 105 in /home/gradtest/public_html/vendor/magento/framework/App/ErrorHandler.php:61
Stack trace:
#0 [internal function]: Magento\Framework\App\ErrorHandler->handler(2, 'SessionHandler:...', '/home/gradtest/...', 105, Array)
#1 /home/gradtest/public_html/vendor/magento/framework/Session/SaveHandler.php(105): SessionHandler->write('aaroodor2cmm46l...', '')
#2 [internal function]: Magento\Framework\Session\SaveHandler->write('aaroodor2cmm46l...', '')
#3 {main}
  thrown in /home/gradtest/public_html/vendor/magento/framework/App/ErrorHandler.php on line 61
[04-Jul-2020 13:51:31 UTC] PHP Fatal error:  Uncaught Exception: Warning: SessionHandler::write(): The session id is too long or contains illegal characters, valid characters are a-z, A-Z, 0-9 and '-,' in /home/gradtest/public_html/vendor/magento/framework/Session/SaveHandler.php on line 105 in /home/gradtest/public_html/vendor/magento/framework/App/ErrorHandler.php:61
Stack trace:
#0 [internal function]: Magento\Framework\App\ErrorHandler->handler(2, 'SessionHandler:...', '/home/gradtest/...', 105, Array)
#1 /home/gradtest/public_html/vendor/magento/framework/Session/SaveHandler.php(105): SessionHandler->write('aaroodor2cmm46l...', '')
#2 [internal function]: Magento\Framework\Session\SaveHandler->write('aaroodor2cmm46l...', '')
#3 {main}
  thrown in /home/gradtest/public_html/vendor/magento/framework/App/ErrorHandler.php on line 61
[19-Jul-2020 04:52:54 UTC] PHP Fatal error:  Uncaught Exception: Warning: SessionHandler::write(): The session id is too long or contains illegal characters, valid characters are a-z, A-Z, 0-9 and '-,' in /home/gradtest/public_html/vendor/magento/framework/Session/SaveHandler.php on line 105 in /home/gradtest/public_html/vendor/magento/framework/App/ErrorHandler.php:61
Stack trace:
#0 [internal function]: Magento\Framework\App\ErrorHandler->handler(2, 'SessionHandler:...', '/home/gradtest/...', 105, Array)
#1 /home/gradtest/public_html/vendor/magento/framework/Session/SaveHandler.php(105): SessionHandler->write('m1p61il74mrhpbe...', '')
#2 [internal function]: Magento\Framework\Session\SaveHandler->write('m1p61il74mrhpbe...', '')
#3 {main}
  thrown in /home/gradtest/public_html/vendor/magento/framework/App/ErrorHandler.php on line 61
[19-Jul-2020 04:53:09 UTC] PHP Fatal error:  Uncaught Exception: Warning: SessionHandler::write(): The session id is too long or contains illegal characters, valid characters are a-z, A-Z, 0-9 and '-,' in /home/gradtest/public_html/vendor/magento/framework/Session/SaveHandler.php on line 105 in /home/gradtest/public_html/vendor/magento/framework/App/ErrorHandler.php:61
Stack trace:
#0 [internal function]: Magento\Framework\App\ErrorHandler->handler(2, 'SessionHandler:...', '/home/gradtest/...', 105, Array)
#1 /home/gradtest/public_html/vendor/magento/framework/Session/SaveHandler.php(105): SessionHandler->write('m1p61il74mrhpbe...', '')
#2 [internal function]: Magento\Framework\Session\SaveHandler->write('m1p61il74mrhpbe...', '')
#3 {main}
  thrown in /home/gradtest/public_html/vendor/magento/framework/App/ErrorHandler.php on line 61
[19-Jul-2020 04:55:24 UTC] PHP Fatal error:  Uncaught Exception: Warning: SessionHandler::write(): The session id is too long or contains illegal characters, valid characters are a-z, A-Z, 0-9 and '-,' in /home/gradtest/public_html/vendor/magento/framework/Session/SaveHandler.php on line 105 in /home/gradtest/public_html/vendor/magento/framework/App/ErrorHandler.php:61
Stack trace:
#0 [internal function]: Magento\Framework\App\ErrorHandler->handler(2, 'SessionHandler:...', '/home/gradtest/...', 105, Array)
#1 /home/gradtest/public_html/vendor/magento/framework/Session/SaveHandler.php(105): SessionHandler->write('m1p61il74mrhpbe...', '')
#2 [internal function]: Magento\Framework\Session\SaveHandler->write('m1p61il74mrhpbe...', '')
#3 {main}
  thrown in /home/gradtest/public_html/vendor/magento/framework/App/ErrorHandler.php on line 61
[19-Jul-2020 04:56:44 UTC] PHP Fatal error:  Uncaught Exception: Warning: SessionHandler::write(): The session id is too long or contains illegal characters, valid characters are a-z, A-Z, 0-9 and '-,' in /home/gradtest/public_html/vendor/magento/framework/Session/SaveHandler.php on line 105 in /home/gradtest/public_html/vendor/magento/framework/App/ErrorHandler.php:61
Stack trace:
#0 [internal function]: Magento\Framework\App\ErrorHandler->handler(2, 'SessionHandler:...', '/home/gradtest/...', 105, Array)
#1 /home/gradtest/public_html/vendor/magento/framework/Session/SaveHandler.php(105): SessionHandler->write('m1p61il74mrhpbe...', '')
#2 [internal function]: Magento\Framework\Session\SaveHandler->write('m1p61il74mrhpbe...', '')
#3 {main}
  thrown in /home/gradtest/public_html/vendor/magento/framework/App/ErrorHandler.php on line 61
[19-Jul-2020 04:58:25 UTC] PHP Fatal error:  Uncaught Exception: Warning: SessionHandler::write(): The session id is too long or contains illegal characters, valid characters are a-z, A-Z, 0-9 and '-,' in /home/gradtest/public_html/vendor/magento/framework/Session/SaveHandler.php on line 105 in /home/gradtest/public_html/vendor/magento/framework/App/ErrorHandler.php:61
Stack trace:
#0 [internal function]: Magento\Framework\App\ErrorHandler->handler(2, 'SessionHandler:...', '/home/gradtest/...', 105, Array)
#1 /home/gradtest/public_html/vendor/magento/framework/Session/SaveHandler.php(105): SessionHandler->write('m1p61il74mrhpbe...', '')
#2 [internal function]: Magento\Framework\Session\SaveHandler->write('m1p61il74mrhpbe...', '')
#3 {main}
  thrown in /home/gradtest/public_html/vendor/magento/framework/App/ErrorHandler.php on line 61
[19-Jul-2020 05:00:20 UTC] PHP Fatal error:  Uncaught Exception: Warning: SessionHandler::write(): The session id is too long or contains illegal characters, valid characters are a-z, A-Z, 0-9 and '-,' in /home/gradtest/public_html/vendor/magento/framework/Session/SaveHandler.php on line 105 in /home/gradtest/public_html/vendor/magento/framework/App/ErrorHandler.php:61
Stack trace:
#0 [internal function]: Magento\Framework\App\ErrorHandler->handler(2, 'SessionHandler:...', '/home/gradtest/...', 105, Array)
#1 /home/gradtest/public_html/vendor/magento/framework/Session/SaveHandler.php(105): SessionHandler->write('m1p61il74mrhpbe...', '')
#2 [internal function]: Magento\Framework\Session\SaveHandler->write('m1p61il74mrhpbe...', '')
#3 {main}
  thrown in /home/gradtest/public_html/vendor/magento/framework/App/ErrorHandler.php on line 61
[19-Jul-2020 05:01:37 UTC] PHP Fatal error:  Uncaught Exception: Warning: SessionHandler::write(): The session id is too long or contains illegal characters, valid characters are a-z, A-Z, 0-9 and '-,' in /home/gradtest/public_html/vendor/magento/framework/Session/SaveHandler.php on line 105 in /home/gradtest/public_html/vendor/magento/framework/App/ErrorHandler.php:61
Stack trace:
#0 [internal function]: Magento\Framework\App\ErrorHandler->handler(2, 'SessionHandler:...', '/home/gradtest/...', 105, Array)
#1 /home/gradtest/public_html/vendor/magento/framework/Session/SaveHandler.php(105): SessionHandler->write('m1p61il74mrhpbe...', '')
#2 [internal function]: Magento\Framework\Session\SaveHandler->write('m1p61il74mrhpbe...', '')
#3 {main}
  thrown in /home/gradtest/public_html/vendor/magento/framework/App/ErrorHandler.php on line 61
[19-Jul-2020 05:03:18 UTC] PHP Fatal error:  Uncaught Exception: Warning: SessionHandler::write(): The session id is too long or contains illegal characters, valid characters are a-z, A-Z, 0-9 and '-,' in /home/gradtest/public_html/vendor/magento/framework/Session/SaveHandler.php on line 105 in /home/gradtest/public_html/vendor/magento/framework/App/ErrorHandler.php:61
Stack trace:
#0 [internal function]: Magento\Framework\App\ErrorHandler->handler(2, 'SessionHandler:...', '/home/gradtest/...', 105, Array)
#1 /home/gradtest/public_html/vendor/magento/framework/Session/SaveHandler.php(105): SessionHandler->write('m1p61il74mrhpbe...', '')
#2 [internal function]: Magento\Framework\Session\SaveHandler->write('m1p61il74mrhpbe...', '')
#3 {main}
  thrown in /home/gradtest/public_html/vendor/magento/framework/App/ErrorHandler.php on line 61
[19-Jul-2020 05:04:16 UTC] PHP Fatal error:  Uncaught Exception: Warning: SessionHandler::write(): The session id is too long or contains illegal characters, valid characters are a-z, A-Z, 0-9 and '-,' in /home/gradtest/public_html/vendor/magento/framework/Session/SaveHandler.php on line 105 in /home/gradtest/public_html/vendor/magento/framework/App/ErrorHandler.php:61
Stack trace:
#0 [internal function]: Magento\Framework\App\ErrorHandler->handler(2, 'SessionHandler:...', '/home/gradtest/...', 105, Array)
#1 /home/gradtest/public_html/vendor/magento/framework/Session/SaveHandler.php(105): SessionHandler->write('m1p61il74mrhpbe...', '')
#2 [internal function]: Magento\Framework\Session\SaveHandler->write('m1p61il74mrhpbe...', '')
#3 {main}
  thrown in /home/gradtest/public_html/vendor/magento/framework/App/ErrorHandler.php on line 61
[19-Jul-2020 05:05:38 UTC] PHP Fatal error:  Uncaught Exception: Warning: SessionHandler::write(): The session id is too long or contains illegal characters, valid characters are a-z, A-Z, 0-9 and '-,' in /home/gradtest/public_html/vendor/magento/framework/Session/SaveHandler.php on line 105 in /home/gradtest/public_html/vendor/magento/framework/App/ErrorHandler.php:61
Stack trace:
#0 [internal function]: Magento\Framework\App\ErrorHandler->handler(2, 'SessionHandler:...', '/home/gradtest/...', 105, Array)
#1 /home/gradtest/public_html/vendor/magento/framework/Session/SaveHandler.php(105): SessionHandler->write('m1p61il74mrhpbe...', '')
#2 [internal function]: Magento\Framework\Session\SaveHandler->write('m1p61il74mrhpbe...', '')
#3 {main}
  thrown in /home/gradtest/public_html/vendor/magento/framework/App/ErrorHandler.php on line 61
[19-Jul-2020 05:06:59 UTC] PHP Fatal error:  Uncaught Exception: Warning: SessionHandler::write(): The session id is too long or contains illegal characters, valid characters are a-z, A-Z, 0-9 and '-,' in /home/gradtest/public_html/vendor/magento/framework/Session/SaveHandler.php on line 105 in /home/gradtest/public_html/vendor/magento/framework/App/ErrorHandler.php:61
Stack trace:
#0 [internal function]: Magento\Framework\App\ErrorHandler->handler(2, 'SessionHandler:...', '/home/gradtest/...', 105, Array)
#1 /home/gradtest/public_html/vendor/magento/framework/Session/SaveHandler.php(105): SessionHandler->write('m1p61il74mrhpbe...', '')
#2 [internal function]: Magento\Framework\Session\SaveHandler->write('m1p61il74mrhpbe...', '')
#3 {main}
  thrown in /home/gradtest/public_html/vendor/magento/framework/App/ErrorHandler.php on line 61
[19-Jul-2020 05:08:42 UTC] PHP Fatal error:  Uncaught Exception: Warning: SessionHandler::write(): The session id is too long or contains illegal characters, valid characters are a-z, A-Z, 0-9 and '-,' in /home/gradtest/public_html/vendor/magento/framework/Session/SaveHandler.php on line 105 in /home/gradtest/public_html/vendor/magento/framework/App/ErrorHandler.php:61
Stack trace:
#0 [internal function]: Magento\Framework\App\ErrorHandler->handler(2, 'SessionHandler:...', '/home/gradtest/...', 105, Array)
#1 /home/gradtest/public_html/vendor/magento/framework/Session/SaveHandler.php(105): SessionHandler->write('m1p61il74mrhpbe...', '')
#2 [internal function]: Magento\Framework\Session\SaveHandler->write('m1p61il74mrhpbe...', '')
#3 {main}
  thrown in /home/gradtest/public_html/vendor/magento/framework/App/ErrorHandler.php on line 61
[19-Jul-2020 05:10:18 UTC] PHP Fatal error:  Uncaught Exception: Warning: SessionHandler::write(): The session id is too long or contains illegal characters, valid characters are a-z, A-Z, 0-9 and '-,' in /home/gradtest/public_html/vendor/magento/framework/Session/SaveHandler.php on line 105 in /home/gradtest/public_html/vendor/magento/framework/App/ErrorHandler.php:61
Stack trace:
#0 [internal function]: Magento\Framework\App\ErrorHandler->handler(2, 'SessionHandler:...', '/home/gradtest/...', 105, Array)
#1 /home/gradtest/public_html/vendor/magento/framework/Session/SaveHandler.php(105): SessionHandler->write('m1p61il74mrhpbe...', '')
#2 [internal function]: Magento\Framework\Session\SaveHandler->write('m1p61il74mrhpbe...', '')
#3 {main}
  thrown in /home/gradtest/public_html/vendor/magento/framework/App/ErrorHandler.php on line 61
[19-Jul-2020 05:11:28 UTC] PHP Fatal error:  Uncaught Exception: Warning: SessionHandler::write(): The session id is too long or contains illegal characters, valid characters are a-z, A-Z, 0-9 and '-,' in /home/gradtest/public_html/vendor/magento/framework/Session/SaveHandler.php on line 105 in /home/gradtest/public_html/vendor/magento/framework/App/ErrorHandler.php:61
Stack trace:
#0 [internal function]: Magento\Framework\App\ErrorHandler->handler(2, 'SessionHandler:...', '/home/gradtest/...', 105, Array)
#1 /home/gradtest/public_html/vendor/magento/framework/Session/SaveHandler.php(105): SessionHandler->write('m1p61il74mrhpbe...', '')
#2 [internal function]: Magento\Framework\Session\SaveHandler->write('m1p61il74mrhpbe...', '')
#3 {main}
  thrown in /home/gradtest/public_html/vendor/magento/framework/App/ErrorHandler.php on line 61
[19-Jul-2020 05:13:08 UTC] PHP Fatal error:  Uncaught Exception: Warning: SessionHandler::write(): The session id is too long or contains illegal characters, valid characters are a-z, A-Z, 0-9 and '-,' in /home/gradtest/public_html/vendor/magento/framework/Session/SaveHandler.php on line 105 in /home/gradtest/public_html/vendor/magento/framework/App/ErrorHandler.php:61
Stack trace:
#0 [internal function]: Magento\Framework\App\ErrorHandler->handler(2, 'SessionHandler:...', '/home/gradtest/...', 105, Array)
#1 /home/gradtest/public_html/vendor/magento/framework/Session/SaveHandler.php(105): SessionHandler->write('m1p61il74mrhpbe...', '')
#2 [internal function]: Magento\Framework\Session\SaveHandler->write('m1p61il74mrhpbe...', '')
#3 {main}
  thrown in /home/gradtest/public_html/vendor/magento/framework/App/ErrorHandler.php on line 61
[19-Jul-2020 05:14:11 UTC] PHP Fatal error:  Uncaught Exception: Warning: SessionHandler::write(): The session id is too long or contains illegal characters, valid characters are a-z, A-Z, 0-9 and '-,' in /home/gradtest/public_html/vendor/magento/framework/Session/SaveHandler.php on line 105 in /home/gradtest/public_html/vendor/magento/framework/App/ErrorHandler.php:61
Stack trace:
#0 [internal function]: Magento\Framework\App\ErrorHandler->handler(2, 'SessionHandler:...', '/home/gradtest/...', 105, Array)
#1 /home/gradtest/public_html/vendor/magento/framework/Session/SaveHandler.php(105): SessionHandler->write('m1p61il74mrhpbe...', '')
#2 [internal function]: Magento\Framework\Session\SaveHandler->write('m1p61il74mrhpbe...', '')
#3 {main}
  thrown in /home/gradtest/public_html/vendor/magento/framework/App/ErrorHandler.php on line 61
[19-Jul-2020 05:15:53 UTC] PHP Fatal error:  Uncaught Exception: Warning: SessionHandler::write(): The session id is too long or contains illegal characters, valid characters are a-z, A-Z, 0-9 and '-,' in /home/gradtest/public_html/vendor/magento/framework/Session/SaveHandler.php on line 105 in /home/gradtest/public_html/vendor/magento/framework/App/ErrorHandler.php:61
Stack trace:
#0 [internal function]: Magento\Framework\App\ErrorHandler->handler(2, 'SessionHandler:...', '/home/gradtest/...', 105, Array)
#1 /home/gradtest/public_html/vendor/magento/framework/Session/SaveHandler.php(105): SessionHandler->write('m1p61il74mrhpbe...', '')
#2 [internal function]: Magento\Framework\Session\SaveHandler->write('m1p61il74mrhpbe...', '')
#3 {main}
  thrown in /home/gradtest/public_html/vendor/magento/framework/App/ErrorHandler.php on line 61
[19-Jul-2020 05:18:40 UTC] PHP Fatal error:  Uncaught Exception: Warning: SessionHandler::write(): The session id is too long or contains illegal characters, valid characters are a-z, A-Z, 0-9 and '-,' in /home/gradtest/public_html/vendor/magento/framework/Session/SaveHandler.php on line 105 in /home/gradtest/public_html/vendor/magento/framework/App/ErrorHandler.php:61
Stack trace:
#0 [internal function]: Magento\Framework\App\ErrorHandler->handler(2, 'SessionHandler:...', '/home/gradtest/...', 105, Array)
#1 /home/gradtest/public_html/vendor/magento/framework/Session/SaveHandler.php(105): SessionHandler->write('m1p61il74mrhpbe...', '')
#2 [internal function]: Magento\Framework\Session\SaveHandler->write('m1p61il74mrhpbe...', '')
#3 {main}
  thrown in /home/gradtest/public_html/vendor/magento/framework/App/ErrorHandler.php on line 61
[19-Jul-2020 05:23:32 UTC] PHP Fatal error:  Uncaught Exception: Warning: SessionHandler::write(): The session id is too long or contains illegal characters, valid characters are a-z, A-Z, 0-9 and '-,' in /home/gradtest/public_html/vendor/magento/framework/Session/SaveHandler.php on line 105 in /home/gradtest/public_html/vendor/magento/framework/App/ErrorHandler.php:61
Stack trace:
#0 [internal function]: Magento\Framework\App\ErrorHandler->handler(2, 'SessionHandler:...', '/home/gradtest/...', 105, Array)
#1 /home/gradtest/public_html/vendor/magento/framework/Session/SaveHandler.php(105): SessionHandler->write('m1p61il74mrhpbe...', '')
#2 [internal function]: Magento\Framework\Session\SaveHandler->write('m1p61il74mrhpbe...', '')
#3 {main}
  thrown in /home/gradtest/public_html/vendor/magento/framework/App/ErrorHandler.php on line 61
[19-Jul-2020 05:24:35 UTC] PHP Fatal error:  Uncaught Exception: Warning: SessionHandler::write(): The session id is too long or contains illegal characters, valid characters are a-z, A-Z, 0-9 and '-,' in /home/gradtest/public_html/vendor/magento/framework/Session/SaveHandler.php on line 105 in /home/gradtest/public_html/vendor/magento/framework/App/ErrorHandler.php:61
Stack trace:
#0 [internal function]: Magento\Framework\App\ErrorHandler->handler(2, 'SessionHandler:...', '/home/gradtest/...', 105, Array)
#1 /home/gradtest/public_html/vendor/magento/framework/Session/SaveHandler.php(105): SessionHandler->write('m1p61il74mrhpbe...', '')
#2 [internal function]: Magento\Framework\Session\SaveHandler->write('m1p61il74mrhpbe...', '')
#3 {main}
  thrown in /home/gradtest/public_html/vendor/magento/framework/App/ErrorHandler.php on line 61
[19-Jul-2020 05:25:45 UTC] PHP Fatal error:  Uncaught Exception: Warning: SessionHandler::write(): The session id is too long or contains illegal characters, valid characters are a-z, A-Z, 0-9 and '-,' in /home/gradtest/public_html/vendor/magento/framework/Session/SaveHandler.php on line 105 in /home/gradtest/public_html/vendor/magento/framework/App/ErrorHandler.php:61
Stack trace:
#0 [internal function]: Magento\Framework\App\ErrorHandler->handler(2, 'SessionHandler:...', '/home/gradtest/...', 105, Array)
#1 /home/gradtest/public_html/vendor/magento/framework/Session/SaveHandler.php(105): SessionHandler->write('m1p61il74mrhpbe...', '')
#2 [internal function]: Magento\Framework\Session\SaveHandler->write('m1p61il74mrhpbe...', '')
#3 {main}
  thrown in /home/gradtest/public_html/vendor/magento/framework/App/ErrorHandler.php on line 61
[19-Jul-2020 05:27:21 UTC] PHP Fatal error:  Uncaught Exception: Warning: SessionHandler::write(): The session id is too long or contains illegal characters, valid characters are a-z, A-Z, 0-9 and '-,' in /home/gradtest/public_html/vendor/magento/framework/Session/SaveHandler.php on line 105 in /home/gradtest/public_html/vendor/magento/framework/App/ErrorHandler.php:61
Stack trace:
#0 [internal function]: Magento\Framework\App\ErrorHandler->handler(2, 'SessionHandler:...', '/home/gradtest/...', 105, Array)
#1 /home/gradtest/public_html/vendor/magento/framework/Session/SaveHandler.php(105): SessionHandler->write('m1p61il74mrhpbe...', '')
#2 [internal function]: Magento\Framework\Session\SaveHandler->write('m1p61il74mrhpbe...', '')
#3 {main}
  thrown in /home/gradtest/public_html/vendor/magento/framework/App/ErrorHandler.php on line 61
[19-Jul-2020 05:29:20 UTC] PHP Fatal error:  Uncaught Exception: Warning: SessionHandler::write(): The session id is too long or contains illegal characters, valid characters are a-z, A-Z, 0-9 and '-,' in /home/gradtest/public_html/vendor/magento/framework/Session/SaveHandler.php on line 105 in /home/gradtest/public_html/vendor/magento/framework/App/ErrorHandler.php:61
Stack trace:
#0 [internal function]: Magento\Framework\App\ErrorHandler->handler(2, 'SessionHandler:...', '/home/gradtest/...', 105, Array)
#1 /home/gradtest/public_html/vendor/magento/framework/Session/SaveHandler.php(105): SessionHandler->write('m1p61il74mrhpbe...', '')
#2 [internal function]: Magento\Framework\Session\SaveHandler->write('m1p61il74mrhpbe...', '')
#3 {main}
  thrown in /home/gradtest/public_html/vendor/magento/framework/App/ErrorHandler.php on line 61
[19-Jul-2020 05:30:46 UTC] PHP Fatal error:  Uncaught Exception: Warning: SessionHandler::write(): The session id is too long or contains illegal characters, valid characters are a-z, A-Z, 0-9 and '-,' in /home/gradtest/public_html/vendor/magento/framework/Session/SaveHandler.php on line 105 in /home/gradtest/public_html/vendor/magento/framework/App/ErrorHandler.php:61
Stack trace:
#0 [internal function]: Magento\Framework\App\ErrorHandler->handler(2, 'SessionHandler:...', '/home/gradtest/...', 105, Array)
#1 /home/gradtest/public_html/vendor/magento/framework/Session/SaveHandler.php(105): SessionHandler->write('m1p61il74mrhpbe...', '')
#2 [internal function]: Magento\Framework\Session\SaveHandler->write('m1p61il74mrhpbe...', '')
#3 {main}
  thrown in /home/gradtest/public_html/vendor/magento/framework/App/ErrorHandler.php on line 61
[19-Jul-2020 05:31:45 UTC] PHP Fatal error:  Uncaught Exception: Warning: SessionHandler::write(): The session id is too long or contains illegal characters, valid characters are a-z, A-Z, 0-9 and '-,' in /home/gradtest/public_html/vendor/magento/framework/Session/SaveHandler.php on line 105 in /home/gradtest/public_html/vendor/magento/framework/App/ErrorHandler.php:61
Stack trace:
#0 [internal function]: Magento\Framework\App\ErrorHandler->handler(2, 'SessionHandler:...', '/home/gradtest/...', 105, Array)
#1 /home/gradtest/public_html/vendor/magento/framework/Session/SaveHandler.php(105): SessionHandler->write('m1p61il74mrhpbe...', '')
#2 [internal function]: Magento\Framework\Session\SaveHandler->write('m1p61il74mrhpbe...', '')
#3 {main}
  thrown in /home/gradtest/public_html/vendor/magento/framework/App/ErrorHandler.php on line 61
[19-Jul-2020 05:33:44 UTC] PHP Fatal error:  Uncaught Exception: Warning: SessionHandler::write(): The session id is too long or contains illegal characters, valid characters are a-z, A-Z, 0-9 and '-,' in /home/gradtest/public_html/vendor/magento/framework/Session/SaveHandler.php on line 105 in /home/gradtest/public_html/vendor/magento/framework/App/ErrorHandler.php:61
Stack trace:
#0 [internal function]: Magento\Framework\App\ErrorHandler->handler(2, 'SessionHandler:...', '/home/gradtest/...', 105, Array)
#1 /home/gradtest/public_html/vendor/magento/framework/Session/SaveHandler.php(105): SessionHandler->write('m1p61il74mrhpbe...', '')
#2 [internal function]: Magento\Framework\Session\SaveHandler->write('m1p61il74mrhpbe...', '')
#3 {main}
  thrown in /home/gradtest/public_html/vendor/magento/framework/App/ErrorHandler.php on line 61
[19-Jul-2020 05:35:01 UTC] PHP Fatal error:  Uncaught Exception: Warning: SessionHandler::write(): The session id is too long or contains illegal characters, valid characters are a-z, A-Z, 0-9 and '-,' in /home/gradtest/public_html/vendor/magento/framework/Session/SaveHandler.php on line 105 in /home/gradtest/public_html/vendor/magento/framework/App/ErrorHandler.php:61
Stack trace:
#0 [internal function]: Magento\Framework\App\ErrorHandler->handler(2, 'SessionHandler:...', '/home/gradtest/...', 105, Array)
#1 /home/gradtest/public_html/vendor/magento/framework/Session/SaveHandler.php(105): SessionHandler->write('m1p61il74mrhpbe...', '')
#2 [internal function]: Magento\Framework\Session\SaveHandler->write('m1p61il74mrhpbe...', '')
#3 {main}
  thrown in /home/gradtest/public_html/vendor/magento/framework/App/ErrorHandler.php on line 61
[19-Jul-2020 05:39:33 UTC] PHP Fatal error:  Uncaught Exception: Warning: SessionHandler::write(): The session id is too long or contains illegal characters, valid characters are a-z, A-Z, 0-9 and '-,' in /home/gradtest/public_html/vendor/magento/framework/Session/SaveHandler.php on line 105 in /home/gradtest/public_html/vendor/magento/framework/App/ErrorHandler.php:61
Stack trace:
#0 [internal function]: Magento\Framework\App\ErrorHandler->handler(2, 'SessionHandler:...', '/home/gradtest/...', 105, Array)
#1 /home/gradtest/public_html/vendor/magento/framework/Session/SaveHandler.php(105): SessionHandler->write('m1p61il74mrhpbe...', '')
#2 [internal function]: Magento\Framework\Session\SaveHandler->write('m1p61il74mrhpbe...', '')
#3 {main}
  thrown in /home/gradtest/public_html/vendor/magento/framework/App/ErrorHandler.php on line 61
[19-Jul-2020 05:40:44 UTC] PHP Fatal error:  Uncaught Exception: Warning: SessionHandler::write(): The session id is too long or contains illegal characters, valid characters are a-z, A-Z, 0-9 and '-,' in /home/gradtest/public_html/vendor/magento/framework/Session/SaveHandler.php on line 105 in /home/gradtest/public_html/vendor/magento/framework/App/ErrorHandler.php:61
Stack trace:
#0 [internal function]: Magento\Framework\App\ErrorHandler->handler(2, 'SessionHandler:...', '/home/gradtest/...', 105, Array)
#1 /home/gradtest/public_html/vendor/magento/framework/Session/SaveHandler.php(105): SessionHandler->write('m1p61il74mrhpbe...', '')
#2 [internal function]: Magento\Framework\Session\SaveHandler->write('m1p61il74mrhpbe...', '')
#3 {main}
  thrown in /home/gradtest/public_html/vendor/magento/framework/App/ErrorHandler.php on line 61
[19-Jul-2020 05:43:09 UTC] PHP Fatal error:  Uncaught Exception: Warning: SessionHandler::write(): The session id is too long or contains illegal characters, valid characters are a-z, A-Z, 0-9 and '-,' in /home/gradtest/public_html/vendor/magento/framework/Session/SaveHandler.php on line 105 in /home/gradtest/public_html/vendor/magento/framework/App/ErrorHandler.php:61
Stack trace:
#0 [internal function]: Magento\Framework\App\ErrorHandler->handler(2, 'SessionHandler:...', '/home/gradtest/...', 105, Array)
#1 /home/gradtest/public_html/vendor/magento/framework/Session/SaveHandler.php(105): SessionHandler->write('m1p61il74mrhpbe...', '')
#2 [internal function]: Magento\Framework\Session\SaveHandler->write('m1p61il74mrhpbe...', '')
#3 {main}
  thrown in /home/gradtest/public_html/vendor/magento/framework/App/ErrorHandler.php on line 61
[19-Jul-2020 05:43:56 UTC] PHP Fatal error:  Uncaught Exception: Warning: SessionHandler::write(): The session id is too long or contains illegal characters, valid characters are a-z, A-Z, 0-9 and '-,' in /home/gradtest/public_html/vendor/magento/framework/Session/SaveHandler.php on line 105 in /home/gradtest/public_html/vendor/magento/framework/App/ErrorHandler.php:61
Stack trace:
#0 [internal function]: Magento\Framework\App\ErrorHandler->handler(2, 'SessionHandler:...', '/home/gradtest/...', 105, Array)
#1 /home/gradtest/public_html/vendor/magento/framework/Session/SaveHandler.php(105): SessionHandler->write('m1p61il74mrhpbe...', '')
#2 [internal function]: Magento\Framework\Session\SaveHandler->write('m1p61il74mrhpbe...', '')
#3 {main}
  thrown in /home/gradtest/public_html/vendor/magento/framework/App/ErrorHandler.php on line 61
[19-Jul-2020 05:46:08 UTC] PHP Fatal error:  Uncaught Exception: Warning: SessionHandler::write(): The session id is too long or contains illegal characters, valid characters are a-z, A-Z, 0-9 and '-,' in /home/gradtest/public_html/vendor/magento/framework/Session/SaveHandler.php on line 105 in /home/gradtest/public_html/vendor/magento/framework/App/ErrorHandler.php:61
Stack trace:
#0 [internal function]: Magento\Framework\App\ErrorHandler->handler(2, 'SessionHandler:...', '/home/gradtest/...', 105, Array)
#1 /home/gradtest/public_html/vendor/magento/framework/Session/SaveHandler.php(105): SessionHandler->write('m1p61il74mrhpbe...', '')
#2 [internal function]: Magento\Framework\Session\SaveHandler->write('m1p61il74mrhpbe...', '')
#3 {main}
  thrown in /home/gradtest/public_html/vendor/magento/framework/App/ErrorHandler.php on line 61
[19-Jul-2020 05:48:43 UTC] PHP Fatal error:  Uncaught Exception: Warning: SessionHandler::write(): The session id is too long or contains illegal characters, valid characters are a-z, A-Z, 0-9 and '-,' in /home/gradtest/public_html/vendor/magento/framework/Session/SaveHandler.php on line 105 in /home/gradtest/public_html/vendor/magento/framework/App/ErrorHandler.php:61
Stack trace:
#0 [internal function]: Magento\Framework\App\ErrorHandler->handler(2, 'SessionHandler:...', '/home/gradtest/...', 105, Array)
#1 /home/gradtest/public_html/vendor/magento/framework/Session/SaveHandler.php(105): SessionHandler->write('m1p61il74mrhpbe...', '')
#2 [internal function]: Magento\Framework\Session\SaveHandler->write('m1p61il74mrhpbe...', '')
#3 {main}
  thrown in /home/gradtest/public_html/vendor/magento/framework/App/ErrorHandler.php on line 61
[19-Jul-2020 05:50:39 UTC] PHP Fatal error:  Uncaught Exception: Warning: SessionHandler::write(): The session id is too long or contains illegal characters, valid characters are a-z, A-Z, 0-9 and '-,' in /home/gradtest/public_html/vendor/magento/framework/Session/SaveHandler.php on line 105 in /home/gradtest/public_html/vendor/magento/framework/App/ErrorHandler.php:61
Stack trace:
#0 [internal function]: Magento\Framework\App\ErrorHandler->handler(2, 'SessionHandler:...', '/home/gradtest/...', 105, Array)
#1 /home/gradtest/public_html/vendor/magento/framework/Session/SaveHandler.php(105): SessionHandler->write('m1p61il74mrhpbe...', '')
#2 [internal function]: Magento\Framework\Session\SaveHandler->write('m1p61il74mrhpbe...', '')
#3 {main}
  thrown in /home/gradtest/public_html/vendor/magento/framework/App/ErrorHandler.php on line 61
[19-Jul-2020 05:51:46 UTC] PHP Fatal error:  Uncaught Exception: Warning: SessionHandler::write(): The session id is too long or contains illegal characters, valid characters are a-z, A-Z, 0-9 and '-,' in /home/gradtest/public_html/vendor/magento/framework/Session/SaveHandler.php on line 105 in /home/gradtest/public_html/vendor/magento/framework/App/ErrorHandler.php:61
Stack trace:
#0 [internal function]: Magento\Framework\App\ErrorHandler->handler(2, 'SessionHandler:...', '/home/gradtest/...', 105, Array)
#1 /home/gradtest/public_html/vendor/magento/framework/Session/SaveHandler.php(105): SessionHandler->write('m1p61il74mrhpbe...', '')
#2 [internal function]: Magento\Framework\Session\SaveHandler->write('m1p61il74mrhpbe...', '')
#3 {main}
  thrown in /home/gradtest/public_html/vendor/magento/framework/App/ErrorHandler.php on line 61
[19-Jul-2020 05:53:42 UTC] PHP Fatal error:  Uncaught Exception: Warning: SessionHandler::write(): The session id is too long or contains illegal characters, valid characters are a-z, A-Z, 0-9 and '-,' in /home/gradtest/public_html/vendor/magento/framework/Session/SaveHandler.php on line 105 in /home/gradtest/public_html/vendor/magento/framework/App/ErrorHandler.php:61
Stack trace:
#0 [internal function]: Magento\Framework\App\ErrorHandler->handler(2, 'SessionHandler:...', '/home/gradtest/...', 105, Array)
#1 /home/gradtest/public_html/vendor/magento/framework/Session/SaveHandler.php(105): SessionHandler->write('m1p61il74mrhpbe...', '')
#2 [internal function]: Magento\Framework\Session\SaveHandler->write('m1p61il74mrhpbe...', '')
#3 {main}
  thrown in /home/gradtest/public_html/vendor/magento/framework/App/ErrorHandler.php on line 61
[19-Jul-2020 05:54:52 UTC] PHP Fatal error:  Uncaught Exception: Warning: SessionHandler::write(): The session id is too long or contains illegal characters, valid characters are a-z, A-Z, 0-9 and '-,' in /home/gradtest/public_html/vendor/magento/framework/Session/SaveHandler.php on line 105 in /home/gradtest/public_html/vendor/magento/framework/App/ErrorHandler.php:61
Stack trace:
#0 [internal function]: Magento\Framework\App\ErrorHandler->handler(2, 'SessionHandler:...', '/home/gradtest/...', 105, Array)
#1 /home/gradtest/public_html/vendor/magento/framework/Session/SaveHandler.php(105): SessionHandler->write('m1p61il74mrhpbe...', '')
#2 [internal function]: Magento\Framework\Session\SaveHandler->write('m1p61il74mrhpbe...', '')
#3 {main}
  thrown in /home/gradtest/public_html/vendor/magento/framework/App/ErrorHandler.php on line 61
[19-Jul-2020 05:56:23 UTC] PHP Fatal error:  Uncaught Exception: Warning: SessionHandler::write(): The session id is too long or contains illegal characters, valid characters are a-z, A-Z, 0-9 and '-,' in /home/gradtest/public_html/vendor/magento/framework/Session/SaveHandler.php on line 105 in /home/gradtest/public_html/vendor/magento/framework/App/ErrorHandler.php:61
Stack trace:
#0 [internal function]: Magento\Framework\App\ErrorHandler->handler(2, 'SessionHandler:...', '/home/gradtest/...', 105, Array)
#1 /home/gradtest/public_html/vendor/magento/framework/Session/SaveHandler.php(105): SessionHandler->write('m1p61il74mrhpbe...', '')
#2 [internal function]: Magento\Framework\Session\SaveHandler->write('m1p61il74mrhpbe...', '')
#3 {main}
  thrown in /home/gradtest/public_html/vendor/magento/framework/App/ErrorHandler.php on line 61
[19-Jul-2020 05:57:44 UTC] PHP Fatal error:  Uncaught Exception: Warning: SessionHandler::write(): The session id is too long or contains illegal characters, valid characters are a-z, A-Z, 0-9 and '-,' in /home/gradtest/public_html/vendor/magento/framework/Session/SaveHandler.php on line 105 in /home/gradtest/public_html/vendor/magento/framework/App/ErrorHandler.php:61
Stack trace:
#0 [internal function]: Magento\Framework\App\ErrorHandler->handler(2, 'SessionHandler:...', '/home/gradtest/...', 105, Array)
#1 /home/gradtest/public_html/vendor/magento/framework/Session/SaveHandler.php(105): SessionHandler->write('m1p61il74mrhpbe...', '')
#2 [internal function]: Magento\Framework\Session\SaveHandler->write('m1p61il74mrhpbe...', '')
#3 {main}
  thrown in /home/gradtest/public_html/vendor/magento/framework/App/ErrorHandler.php on line 61
[19-Jul-2020 05:58:33 UTC] PHP Fatal error:  Uncaught Exception: Warning: SessionHandler::write(): The session id is too long or contains illegal characters, valid characters are a-z, A-Z, 0-9 and '-,' in /home/gradtest/public_html/vendor/magento/framework/Session/SaveHandler.php on line 105 in /home/gradtest/public_html/vendor/magento/framework/App/ErrorHandler.php:61
Stack trace:
#0 [internal function]: Magento\Framework\App\ErrorHandler->handler(2, 'SessionHandler:...', '/home/gradtest/...', 105, Array)
#1 /home/gradtest/public_html/vendor/magento/framework/Session/SaveHandler.php(105): SessionHandler->write('m1p61il74mrhpbe...', '')
#2 [internal function]: Magento\Framework\Session\SaveHandler->write('m1p61il74mrhpbe...', '')
#3 {main}
  thrown in /home/gradtest/public_html/vendor/magento/framework/App/ErrorHandler.php on line 61
[13-Aug-2020 15:13:01 UTC] PHP Fatal error:  Method Magento\Ui\TemplateEngine\Xhtml\Result::__toString() must not throw an exception, caught Error: Cannot use string offset as an array in /home/gradtest/public_html/vendor/magento/module-ui/Component/Wrapper/UiComponent.php on line 0
[13-Aug-2020 15:13:11 UTC] PHP Fatal error:  Method Magento\Ui\TemplateEngine\Xhtml\Result::__toString() must not throw an exception, caught Error: Cannot use string offset as an array in /home/gradtest/public_html/vendor/magento/module-ui/Component/Wrapper/UiComponent.php on line 0
[13-Aug-2020 15:13:25 UTC] PHP Fatal error:  Method Magento\Ui\TemplateEngine\Xhtml\Result::__toString() must not throw an exception, caught Error: Cannot use string offset as an array in /home/gradtest/public_html/vendor/magento/module-ui/Component/Wrapper/UiComponent.php on line 0
[13-Aug-2020 15:13:58 UTC] PHP Fatal error:  Method Magento\Ui\TemplateEngine\Xhtml\Result::__toString() must not throw an exception, caught Error: Cannot use string offset as an array in /home/gradtest/public_html/vendor/magento/module-ui/Component/Wrapper/UiComponent.php on line 0
[13-Aug-2020 15:15:33 UTC] PHP Fatal error:  Method Magento\Ui\TemplateEngine\Xhtml\Result::__toString() must not throw an exception, caught Error: Cannot use string offset as an array in /home/gradtest/public_html/vendor/magento/module-ui/Component/Wrapper/UiComponent.php on line 0
[13-Aug-2020 15:16:34 UTC] PHP Fatal error:  Method Magento\Ui\TemplateEngine\Xhtml\Result::__toString() must not throw an exception, caught Error: Cannot use string offset as an array in /home/gradtest/public_html/vendor/magento/module-ui/Component/Wrapper/UiComponent.php on line 0
[23-Sep-2020 10:58:53 UTC] PHP Warning:  Unterminated comment starting line 295 in /home/gradtest/public_html/setup/src/Magento/Setup/Module/Di/Code/Reader/FileClassScanner.php on line 81
[23-Sep-2020 10:58:53 UTC] PHP Warning:  Unterminated comment starting line 295 in /home/gradtest/public_html/app/code/Aheadworks/Rbslider/Api/Data/BannerInterface.php on line 295
[23-Sep-2020 10:58:53 UTC] PHP Parse error:  syntax error, unexpected end of file, expecting function (T_FUNCTION) or const (T_CONST) in /home/gradtest/public_html/app/code/Aheadworks/Rbslider/Api/Data/BannerInterface.php on line 299
[23-Sep-2020 11:00:11 UTC] PHP Warning:  Unterminated comment starting line 295 in /home/gradtest/public_html/setup/src/Magento/Setup/Module/Di/Code/Reader/FileClassScanner.php on line 81
[23-Sep-2020 11:00:11 UTC] PHP Warning:  Unterminated comment starting line 295 in /home/gradtest/public_html/app/code/Aheadworks/Rbslider/Api/Data/BannerInterface.php on line 295
[23-Sep-2020 11:00:11 UTC] PHP Parse error:  syntax error, unexpected end of file, expecting function (T_FUNCTION) or const (T_CONST) in /home/gradtest/public_html/app/code/Aheadworks/Rbslider/Api/Data/BannerInterface.php on line 299
[23-Sep-2020 11:08:34 UTC] PHP Warning:  Unterminated comment starting line 296 in /home/gradtest/public_html/setup/src/Magento/Setup/Module/Di/Code/Reader/FileClassScanner.php on line 81
[23-Sep-2020 11:08:35 UTC] PHP Warning:  Unterminated comment starting line 296 in /home/gradtest/public_html/app/code/Aheadworks/Rbslider/Api/Data/BannerInterface.php on line 296
[23-Sep-2020 11:08:36 UTC] PHP Warning:  Unterminated comment starting line 296 in /home/gradtest/public_html/setup/src/Magento/Setup/Module/Di/Code/Scanner/PhpScanner.php on line 235
[23-Sep-2020 11:29:39 UTC] PHP Warning:  Unterminated comment starting line 296 in /home/gradtest/public_html/setup/src/Magento/Setup/Module/Di/Code/Reader/FileClassScanner.php on line 81
[23-Sep-2020 11:29:39 UTC] PHP Warning:  Unterminated comment starting line 341 in /home/gradtest/public_html/setup/src/Magento/Setup/Module/Di/Code/Reader/FileClassScanner.php on line 81
[23-Sep-2020 11:29:39 UTC] PHP Warning:  Unterminated comment starting line 106 in /home/gradtest/public_html/setup/src/Magento/Setup/Module/Di/Code/Reader/FileClassScanner.php on line 81
[23-Sep-2020 11:29:39 UTC] PHP Warning:  Unterminated comment starting line 75 in /home/gradtest/public_html/setup/src/Magento/Setup/Module/Di/Code/Reader/FileClassScanner.php on line 81
[23-Sep-2020 11:29:39 UTC] PHP Warning:  Unterminated comment starting line 154 in /home/gradtest/public_html/setup/src/Magento/Setup/Module/Di/Code/Reader/FileClassScanner.php on line 81
[23-Sep-2020 11:29:39 UTC] PHP Warning:  Unterminated comment starting line 75 in /home/gradtest/public_html/app/code/Aheadworks/Rbslider/Api/Data/BlockInterface.php on line 75
[23-Sep-2020 11:29:39 UTC] PHP Warning:  Unterminated comment starting line 106 in /home/gradtest/public_html/app/code/Aheadworks/Rbslider/Api/Data/StatisticInterface.php on line 106
[23-Sep-2020 11:29:39 UTC] PHP Warning:  Unterminated comment starting line 341 in /home/gradtest/public_html/app/code/Aheadworks/Rbslider/Api/Data/SlideInterface.php on line 341
[23-Sep-2020 11:29:39 UTC] PHP Warning:  Unterminated comment starting line 296 in /home/gradtest/public_html/app/code/Aheadworks/Rbslider/Api/Data/BannerInterface.php on line 296
[23-Sep-2020 11:29:39 UTC] PHP Warning:  Unterminated comment starting line 154 in /home/gradtest/public_html/app/code/Aheadworks/Rbslider/Api/Data/ConditionInterface.php on line 154
[23-Sep-2020 11:29:41 UTC] PHP Warning:  Unterminated comment starting line 296 in /home/gradtest/public_html/setup/src/Magento/Setup/Module/Di/Code/Scanner/PhpScanner.php on line 235
[23-Sep-2020 11:29:41 UTC] PHP Warning:  Unterminated comment starting line 341 in /home/gradtest/public_html/setup/src/Magento/Setup/Module/Di/Code/Scanner/PhpScanner.php on line 235
[23-Sep-2020 11:29:41 UTC] PHP Warning:  Unterminated comment starting line 106 in /home/gradtest/public_html/setup/src/Magento/Setup/Module/Di/Code/Scanner/PhpScanner.php on line 235
[23-Sep-2020 11:29:41 UTC] PHP Warning:  Unterminated comment starting line 75 in /home/gradtest/public_html/setup/src/Magento/Setup/Module/Di/Code/Scanner/PhpScanner.php on line 235
[23-Sep-2020 11:29:41 UTC] PHP Warning:  Unterminated comment starting line 154 in /home/gradtest/public_html/setup/src/Magento/Setup/Module/Di/Code/Scanner/PhpScanner.php on line 235
